<?xml version="1.0" encoding="UTF-8"?>
<!-- Generated by org.testng.reporters.JUnitReportReporter -->
<testsuite hostname="LAPTOP-1TPQ2LP3" failures="0" tests="1" name="runner.AddToCartAndOrderRunner" time="0.134" errors="0" timestamp="2024-12-07T09:36:42 IST" skipped="0">
  <testcase classname="runner.AddToCartAndOrderRunner" name="runScenario" time="0.134"/>
  <system-out/>
</testsuite> <!-- runner.AddToCartAndOrderRunner -->
