<?xml version="1.0" encoding="UTF-8"?>
<!-- Generated by org.testng.reporters.JUnitReportReporter -->
<testsuite hostname="LAPTOP-1TPQ2LP3" failures="0" tests="2" name="runner.OrdersRunner" time="0.256" errors="0" timestamp="2024-10-11T11:55:53 IST" skipped="0">
  <testcase classname="runner.OrdersRunner" name="runScenario" time="0.173"/>
  <system-out/>
  <testcase classname="runner.OrdersRunner" name="runScenario" time="0.083"/>
  <system-out/>
</testsuite> <!-- runner.OrdersRunner -->
