<?xml version="1.0" encoding="UTF-8"?>
<!-- Generated by org.testng.reporters.JUnitReportReporter -->
<testsuite hostname="LAPTOP-1TPQ2LP3" failures="0" tests="1" name="runner.RegistrationRunner" time="0.166" errors="0" timestamp="2024-10-08T08:20:05 IST" skipped="0">
  <testcase classname="runner.RegistrationRunner" name="runScenario" time="0.166"/>
  <system-out/>
</testsuite> <!-- runner.RegistrationRunner -->
