<?xml version="1.0" encoding="UTF-8"?>
<!-- Generated by org.testng.reporters.JUnitReportReporter -->
<testsuite hostname="LAPTOP-1TPQ2LP3" failures="0" tests="3" name="runner.HomePageRunner" time="0.241" errors="0" timestamp="2024-10-15T09:26:56 IST" skipped="0">
  <testcase classname="runner.HomePageRunner" name="runScenario" time="0.034"/>
  <system-out/>
  <testcase classname="runner.HomePageRunner" name="runScenario" time="0.165"/>
  <system-out/>
  <testcase classname="runner.HomePageRunner" name="runScenario" time="0.042"/>
  <system-out/>
</testsuite> <!-- runner.HomePageRunner -->
