<?xml version="1.0" encoding="UTF-8"?>
<!-- Generated by org.testng.reporters.JUnitReportReporter -->
<testsuite hostname="LAPTOP-1TPQ2LP3" failures="0" tests="3" name="runner.CampaignRunner" time="0.227" errors="0" timestamp="2024-12-20T20:20:54 IST" skipped="0">
  <testcase classname="runner.CampaignRunner" name="runScenario" time="0.025"/>
  <system-out/>
  <testcase classname="runner.CampaignRunner" name="runScenario" time="0.170"/>
  <system-out/>
  <testcase classname="runner.CampaignRunner" name="runScenario" time="0.032"/>
  <system-out/>
</testsuite> <!-- runner.CampaignRunner -->
