<?xml version="1.0" encoding="UTF-8"?>
<!-- Generated by org.testng.reporters.JUnitReportReporter -->
<testsuite hostname="LAPTOP-1TPQ2LP3" failures="0" tests="3" name="runner.ProfileRunner" time="0.209" errors="0" timestamp="2024-12-17T10:56:57 IST" skipped="0">
  <testcase classname="runner.ProfileRunner" name="runScenario" time="0.016"/>
  <system-out/>
  <testcase classname="runner.ProfileRunner" name="runScenario" time="0.179"/>
  <system-out/>
  <testcase classname="runner.ProfileRunner" name="runScenario" time="0.014"/>
  <system-out/>
</testsuite> <!-- runner.ProfileRunner -->
