<?xml version="1.0" encoding="UTF-8"?>
<!-- Generated by org.testng.reporters.JUnitReportReporter -->
<testsuite hostname="LAPTOP-1TPQ2LP3" failures="0" tests="1" name="runner.LoginWithDataRunner" time="0.130" errors="0" timestamp="2024-10-04T12:21:43 IST" skipped="0">
  <testcase classname="runner.LoginWithDataRunner" name="runScenario" time="0.130"/>
  <system-out/>
</testsuite> <!-- runner.LoginWithDataRunner -->
