<?xml version="1.0" encoding="UTF-8"?>
<!-- Generated by org.testng.reporters.JUnitReportReporter -->
<testsuite hostname="LAPTOP-1TPQ2LP3" failures="0" tests="2" name="runner.LoginRunner" time="0.116" errors="0" timestamp="2024-10-02T17:09:14 IST" skipped="0">
  <testcase classname="runner.LoginRunner" name="runScenario" time="0.107"/>
  <system-out/>
  <testcase classname="runner.LoginRunner" name="runScenario" time="0.009"/>
  <system-out/>
</testsuite> <!-- runner.LoginRunner -->
